@time
2011-07-27T16:08:59Z
@timepoint
0
@time_prev
1311782939.0
@time
2011-07-27T16:08:59Z
@timepoint
0
@time_prev
1311782939.0
@timepoint
5.0
diff
5.0
@timepoint
7.0
diff
2.0
@timepoint
12.0
diff
5.0
@timepoint
16.0
diff
4.0
@timepoint
18.0
diff
2.0
@timepoint
22.0
diff
4.0
@timepoint
25.0
diff
3.0
@timepoint
29.0
diff
4.0
@timepoint
30.0
diff
1.0
@timepoint
37.0
diff
7.0
@timepoint
41.0
diff
4.0
@timepoint
45.0
diff
4.0
@timepoint
52.0
diff
7.0
@timepoint
56.0
diff
4.0
@timepoint
61.0
diff
5.0
@timepoint
65.0
diff
4.0
@timepoint
69.0
diff
4.0
@timepoint
73.0
diff
4.0
@timepoint
77.0
diff
4.0
@timepoint
82.0
diff
5.0
@timepoint
87.0
diff
5.0
@timepoint
91.0
diff
4.0
@timepoint
96.0
diff
5.0
@timepoint
101.0
diff
5.0
@timepoint
102.0
diff
1.0
@timepoint
108.0
diff
6.0
@timepoint
113.0
diff
5.0
@timepoint
115.0
diff
2.0
@timepoint
119.0
diff
4.0
@timepoint
122.0
diff
3.0
@timepoint
127.0
diff
5.0
@timepoint
132.0
diff
5.0
@timepoint
133.0
diff
1.0
@timepoint
173.0
diff
40.0
@timepoint
177.0
diff
4.0
@timepoint
180.0
diff
3.0
@timepoint
182.0
diff
2.0
@timepoint
184.0
diff
2.0
@timepoint
185.0
diff
1.0
@timepoint
188.0
diff
3.0
@timepoint
192.0
diff
4.0
@timepoint
193.0
diff
1.0
@timepoint
198.0
diff
5.0
@timepoint
203.0
diff
5.0
@timepoint
208.0
diff
5.0
@timepoint
213.0
diff
5.0
@timepoint
218.0
diff
5.0
@timepoint
223.0
diff
5.0
@timepoint
228.0
diff
5.0
@timepoint
233.0
diff
5.0
@timepoint
239.0
diff
6.0
@timepoint
244.0
diff
5.0
@timepoint
245.0
diff
1.0
@timepoint
249.0
diff
4.0
@timepoint
256.0
diff
7.0
@timepoint
261.0
diff
5.0
@timepoint
266.0
diff
5.0
@timepoint
270.0
diff
4.0
@timepoint
274.0
diff
4.0
@timepoint
278.0
diff
4.0
@timepoint
283.0
diff
5.0
@timepoint
287.0
diff
4.0
@timepoint
292.0
diff
5.0
@timepoint
296.0
diff
4.0
@timepoint
300.0
diff
4.0
@timepoint
305.0
diff
5.0
@timepoint
310.0
diff
5.0
@timepoint
315.0
diff
5.0
@timepoint
320.0
diff
5.0
@timepoint
325.0
diff
5.0
@timepoint
329.0
diff
4.0
@timepoint
334.0
diff
5.0
@timepoint
339.0
diff
5.0
@timepoint
344.0
diff
5.0
@timepoint
349.0
diff
5.0
@timepoint
354.0
diff
5.0
@timepoint
359.0
diff
5.0
@timepoint
364.0
diff
5.0
@timepoint
369.0
diff
5.0
@timepoint
374.0
diff
5.0
@timepoint
378.0
diff
4.0
@timepoint
382.0
diff
4.0
@timepoint
386.0
diff
4.0
@timepoint
391.0
diff
5.0
@timepoint
397.0
diff
6.0
@timepoint
402.0
diff
5.0
@timepoint
407.0
diff
5.0
@timepoint
411.0
diff
4.0
@timepoint
415.0
diff
4.0
@timepoint
420.0
diff
5.0
@timepoint
424.0
diff
4.0
@timepoint
428.0
diff
4.0
@timepoint
432.0
diff
4.0
@timepoint
436.0
diff
4.0
@timepoint
441.0
diff
5.0
@timepoint
446.0
diff
5.0
@timepoint
451.0
diff
5.0
@timepoint
454.0
diff
3.0
@timepoint
459.0
diff
5.0
@timepoint
462.0
diff
3.0
@timepoint
469.0
diff
7.0
@timepoint
473.0
diff
4.0
@timepoint
478.0
diff
5.0
@timepoint
484.0
diff
6.0
@timepoint
488.0
diff
4.0
@timepoint
493.0
diff
5.0
@timepoint
497.0
diff
4.0
@timepoint
502.0
diff
5.0
@timepoint
503.0
diff
1.0
@timepoint
507.0
diff
4.0
@timepoint
512.0
diff
5.0
@timepoint
517.0
diff
5.0
@timepoint
522.0
diff
5.0
@timepoint
525.0
diff
3.0
@timepoint
530.0
diff
5.0
@timepoint
536.0
diff
6.0
@timepoint
541.0
diff
5.0
@timepoint
545.0
diff
4.0
@timepoint
549.0
diff
4.0
@timepoint
553.0
diff
4.0
@timepoint
557.0
diff
4.0
@timepoint
563.0
diff
6.0
@timepoint
568.0
diff
5.0
@timepoint
572.0
diff
4.0
@timepoint
577.0
diff
5.0
@timepoint
581.0
diff
4.0
@timepoint
586.0
diff
5.0
@timepoint
592.0
diff
6.0
@timepoint
597.0
diff
5.0
@timepoint
601.0
diff
4.0
@timepoint
606.0
diff
5.0
@timepoint
611.0
diff
5.0
@timepoint
616.0
diff
5.0
@timepoint
621.0
diff
5.0
@timepoint
623.0
diff
2.0
@timepoint
628.0
diff
5.0
@timepoint
629.0
diff
1.0
@timepoint
634.0
diff
5.0
@timepoint
638.0
diff
4.0
@timepoint
640.0
diff
2.0
@timepoint
645.0
diff
5.0
@timepoint
647.0
diff
2.0
@timepoint
653.0
diff
6.0
@timepoint
659.0
diff
6.0
@timepoint
663.0
diff
4.0
@timepoint
687.0
diff
24.0
@timepoint
691.0
diff
4.0
@timepoint
696.0
diff
5.0
@timepoint
700.0
diff
4.0
@timepoint
702.0
diff
2.0
@timepoint
707.0
diff
5.0
@timepoint
711.0
diff
4.0
@timepoint
715.0
diff
4.0
@timepoint
720.0
diff
5.0
@timepoint
725.0
diff
5.0
@timepoint
732.0
diff
7.0
@timepoint
736.0
diff
4.0
@timepoint
741.0
diff
5.0
@timepoint
746.0
diff
5.0
@timepoint
751.0
diff
5.0
@timepoint
756.0
diff
5.0
@timepoint
760.0
diff
4.0
@timepoint
765.0
diff
5.0
@timepoint
769.0
diff
4.0
@timepoint
774.0
diff
5.0
@timepoint
779.0
diff
5.0
@timepoint
784.0
diff
5.0
@timepoint
789.0
diff
5.0
@timepoint
793.0
diff
4.0
@timepoint
798.0
diff
5.0
@timepoint
802.0
diff
4.0
@timepoint
807.0
diff
5.0
@timepoint
812.0
diff
5.0
@timepoint
816.0
diff
4.0
@timepoint
820.0
diff
4.0
@timepoint
826.0
diff
6.0
@timepoint
831.0
diff
5.0
@timepoint
836.0
diff
5.0
@timepoint
841.0
diff
5.0
@timepoint
846.0
diff
5.0
@timepoint
851.0
diff
5.0
@timepoint
855.0
diff
4.0
@timepoint
860.0
diff
5.0
@timepoint
865.0
diff
5.0
@timepoint
870.0
diff
5.0
@timepoint
875.0
diff
5.0
@timepoint
880.0
diff
5.0
@timepoint
885.0
diff
5.0
@timepoint
889.0
diff
4.0
@timepoint
894.0
diff
5.0
@timepoint
898.0
diff
4.0
@timepoint
904.0
diff
6.0
@timepoint
908.0
diff
4.0
@timepoint
913.0
diff
5.0
@timepoint
918.0
diff
5.0
@timepoint
923.0
diff
5.0
@timepoint
927.0
diff
4.0
@timepoint
933.0
diff
6.0
@timepoint
940.0
diff
7.0
@timepoint
942.0
diff
2.0
@timepoint
947.0
diff
5.0
@timepoint
952.0
diff
5.0
@timepoint
958.0
diff
6.0
@timepoint
961.0
diff
3.0
@timepoint
965.0
diff
4.0
@timepoint
971.0
diff
6.0
@timepoint
976.0
diff
5.0
@timepoint
981.0
diff
5.0
@timepoint
985.0
diff
4.0
@timepoint
990.0
diff
5.0
@timepoint
993.0
diff
3.0
@timepoint
998.0
diff
5.0
@timepoint
1003.0
diff
5.0
@timepoint
1007.0
diff
4.0
@timepoint
1011.0
diff
4.0
@timepoint
1017.0
diff
6.0
@timepoint
1021.0
diff
4.0
@timepoint
1027.0
diff
6.0
@timepoint
1032.0
diff
5.0
@timepoint
1035.0
diff
3.0
@timepoint
1041.0
diff
6.0
@timepoint
1048.0
diff
7.0
@timepoint
1051.0
diff
3.0
@timepoint
1056.0
diff
5.0
@timepoint
1057.0
diff
1.0
@timepoint
1066.0
diff
9.0
@timepoint
1075.0
diff
9.0
@timepoint
1084.0
diff
9.0
@timepoint
1090.0
diff
6.0
@timepoint
1097.0
diff
7.0
@timepoint
1103.0
diff
6.0
@timepoint
1111.0
diff
8.0
@timepoint
1124.0
diff
13.0
@timepoint
1132.0
diff
8.0
@timepoint
1139.0
diff
7.0
@timepoint
1146.0
diff
7.0
@timepoint
1153.0
diff
7.0
@timepoint
1159.0
diff
6.0
@timepoint
1161.0
diff
2.0
@timepoint
1165.0
diff
4.0
@timepoint
1167.0
diff
2.0
@timepoint
1171.0
diff
4.0
@timepoint
1178.0
diff
7.0
@timepoint
1184.0
diff
6.0
@timepoint
1190.0
diff
6.0
@timepoint
1195.0
diff
5.0
@timepoint
1200.0
diff
5.0
@timepoint
1206.0
diff
6.0
@timepoint
1210.0
diff
4.0
@timepoint
1216.0
diff
6.0
@timepoint
1219.0
diff
3.0
@timepoint
1222.0
diff
3.0
@timepoint
1227.0
diff
5.0
@timepoint
1233.0
diff
6.0
@timepoint
1239.0
diff
6.0
@timepoint
1244.0
diff
5.0
@timepoint
1251.0
diff
7.0
@timepoint
1255.0
diff
4.0
@timepoint
1260.0
diff
5.0
@timepoint
1262.0
diff
2.0
@timepoint
1266.0
diff
4.0
@timepoint
1273.0
diff
7.0
@timepoint
1279.0
diff
6.0
@timepoint
1280.0
diff
1.0
@timepoint
1282.0
diff
2.0
@timepoint
1285.0
diff
3.0
@timepoint
1292.0
diff
7.0
@timepoint
1301.0
diff
9.0
@timepoint
1308.0
diff
7.0
@timepoint
1314.0
diff
6.0
@timepoint
1320.0
diff
6.0
@timepoint
1323.0
diff
3.0
@timepoint
1327.0
diff
4.0
@timepoint
1333.0
diff
6.0
@timepoint
1339.0
diff
6.0
@timepoint
1344.0
diff
5.0
@timepoint
1348.0
diff
4.0
@timepoint
1352.0
diff
4.0
@timepoint
1360.0
diff
8.0
@timepoint
1363.0
diff
3.0
@timepoint
1371.0
diff
8.0
@timepoint
1381.0
diff
10.0
@timepoint
1387.0
diff
6.0
@timepoint
1391.0
diff
4.0
@timepoint
1395.0
diff
4.0
@timepoint
1405.0
diff
10.0
@timepoint
1413.0
diff
8.0
@timepoint
1420.0
diff
7.0
@timepoint
1424.0
diff
4.0
@timepoint
1426.0
diff
2.0
@timepoint
1431.0
diff
5.0
@timepoint
1433.0
diff
2.0
@timepoint
1442.0
diff
9.0
@timepoint
1447.0
diff
5.0
@timepoint
1454.0
diff
7.0
@timepoint
1460.0
diff
6.0
@timepoint
1461.0
diff
1.0
@timepoint
1465.0
diff
4.0
@timepoint
1474.0
diff
9.0
@timepoint
1480.0
diff
6.0
@timepoint
1482.0
diff
2.0
@timepoint
1489.0
diff
7.0
@timepoint
1492.0
diff
3.0
@timepoint
1497.0
diff
5.0
@timepoint
1501.0
diff
4.0
@timepoint
1509.0
diff
8.0
@timepoint
1515.0
diff
6.0
@timepoint
1520.0
diff
5.0
@timepoint
1527.0
diff
7.0
@timepoint
1537.0
diff
10.0
@timepoint
1549.0
diff
12.0
@timepoint
1557.0
diff
8.0
@timepoint
1560.0
diff
3.0
@timepoint
1561.0
diff
1.0
@timepoint
1569.0
diff
8.0
@timepoint
1575.0
diff
6.0
@timepoint
1584.0
diff
9.0
@timepoint
1587.0
diff
3.0
@timepoint
1593.0
diff
6.0
@timepoint
1597.0
diff
4.0
@timepoint
1600.0
diff
3.0
@timepoint
1605.0
diff
5.0
@timepoint
1606.0
diff
1.0
@timepoint
1616.0
diff
10.0
@timepoint
1623.0
diff
7.0
@timepoint
1631.0
diff
8.0
@timepoint
1633.0
diff
2.0
@timepoint
1639.0
diff
6.0
@timepoint
1642.0
diff
3.0
@timepoint
1645.0
diff
3.0
@timepoint
1648.0
diff
3.0
@timepoint
1655.0
diff
7.0
@timepoint
1661.0
diff
6.0
@timepoint
1664.0
diff
3.0
@timepoint
1668.0
diff
4.0
@timepoint
1670.0
diff
2.0
@timepoint
1676.0
diff
6.0
@timepoint
1681.0
diff
5.0
@timepoint
1686.0
diff
5.0
@timepoint
1688.0
diff
2.0
@timepoint
1690.0
diff
2.0
@timepoint
1697.0
diff
7.0
@timepoint
1705.0
diff
8.0
@timepoint
1707.0
diff
2.0
@timepoint
1709.0
diff
2.0
@timepoint
1713.0
diff
4.0
@timepoint
1718.0
diff
5.0
@timepoint
1720.0
diff
2.0
@timepoint
1724.0
diff
4.0
@timepoint
1725.0
diff
1.0
@timepoint
1726.0
diff
1.0
@timepoint
1736.0
diff
10.0
@timepoint
1737.0
diff
1.0
@timepoint
1743.0
diff
6.0
@timepoint
1748.0
diff
5.0
@timepoint
1750.0
diff
2.0
@timepoint
1752.0
diff
2.0
@timepoint
1757.0
diff
5.0
@timepoint
1762.0
diff
5.0
@timepoint
1764.0
diff
2.0
@timepoint
1767.0
diff
3.0
@timepoint
1775.0
diff
8.0
@timepoint
1782.0
diff
7.0
@timepoint
1787.0
diff
5.0
@timepoint
1790.0
diff
3.0
@timepoint
1792.0
diff
2.0
@timepoint
1795.0
diff
3.0
@timepoint
1802.0
diff
7.0
@timepoint
1808.0
diff
6.0
@timepoint
1817.0
diff
9.0
@timepoint
1820.0
diff
3.0
@timepoint
1826.0
diff
6.0
@timepoint
1846.0
diff
20.0
@timepoint
1851.0
diff
5.0
@timepoint
1853.0
diff
2.0
@timepoint
1860.0
diff
7.0
@timepoint
1861.0
diff
1.0
@timepoint
1866.0
diff
5.0
@timepoint
1871.0
diff
5.0
@timepoint
1875.0
diff
4.0
@timepoint
1878.0
diff
3.0
@timepoint
1880.0
diff
2.0
@timepoint
1882.0
diff
2.0
@timepoint
1884.0
diff
2.0
@timepoint
1887.0
diff
3.0
@timepoint
1891.0
diff
4.0
@timepoint
1894.0
diff
3.0
@timepoint
1904.0
diff
10.0
@timepoint
1912.0
diff
8.0
@timepoint
1918.0
diff
6.0
@timepoint
1923.0
diff
5.0
@timepoint
1928.0
diff
5.0
@timepoint
1929.0
diff
1.0
@timepoint
1932.0
diff
3.0
@timepoint
1935.0
diff
3.0
@timepoint
1941.0
diff
6.0
@timepoint
1947.0
diff
6.0
@timepoint
1957.0
diff
10.0
@timepoint
1967.0
diff
10.0
@timepoint
1970.0
diff
3.0
@timepoint
1972.0
diff
2.0
@timepoint
1977.0
diff
5.0
@timepoint
1980.0
diff
3.0
@timepoint
1983.0
diff
3.0
@timepoint
1986.0
diff
3.0
@timepoint
1987.0
diff
1.0
@timepoint
1989.0
diff
2.0
@timepoint
1993.0
diff
4.0
@timepoint
1995.0
diff
2.0
@timepoint
1996.0
diff
1.0
@timepoint
2003.0
diff
7.0
@timepoint
2009.0
diff
6.0
@timepoint
2020.0
diff
11.0
@timepoint
2025.0
diff
5.0
@timepoint
2029.0
diff
4.0
@timepoint
2032.0
diff
3.0
@timepoint
2040.0
diff
8.0
@timepoint
2043.0
diff
3.0
@timepoint
2044.0
diff
1.0
@timepoint
2054.0
diff
10.0
@timepoint
2063.0
diff
9.0
@timepoint
2072.0
diff
9.0
@timepoint
2079.0
diff
7.0
@timepoint
2086.0
diff
7.0
@timepoint
2091.0
diff
5.0
@timepoint
2094.0
diff
3.0
@timepoint
2098.0
diff
4.0
@timepoint
2099.0
diff
1.0
@timepoint
2105.0
diff
6.0
@timepoint
2106.0
diff
1.0
@timepoint
2109.0
diff
3.0
@timepoint
2110.0
diff
1.0
@timepoint
2117.0
diff
7.0
@timepoint
2125.0
diff
8.0
@timepoint
2132.0
diff
7.0
@timepoint
2137.0
diff
5.0
@timepoint
2142.0
diff
5.0
@timepoint
2147.0
diff
5.0
@timepoint
2153.0
diff
6.0
@timepoint
2162.0
diff
9.0
@timepoint
2171.0
diff
9.0
@timepoint
2179.0
diff
8.0
@timepoint
2187.0
diff
8.0
@timepoint
2189.0
diff
2.0
@timepoint
2194.0
diff
5.0
@timepoint
2194.0
diff
0.0
@timepoint
2195.0
diff
1.0
@timepoint
2196.0
diff
1.0
@timepoint
2201.0
diff
5.0
@timepoint
2204.0
diff
3.0
@timepoint
2205.0
diff
1.0
@timepoint
2210.0
diff
5.0
@timepoint
2213.0
diff
3.0
@timepoint
2217.0
diff
4.0
@timepoint
2218.0
diff
1.0
@timepoint
2221.0
diff
3.0
@timepoint
2226.0
diff
5.0
@timepoint
2228.0
diff
2.0
@timepoint
2230.0
diff
2.0
@timepoint
2235.0
diff
5.0
@timepoint
2240.0
diff
5.0
@timepoint
2244.0
diff
4.0
@timepoint
2245.0
diff
1.0
@timepoint
2248.0
diff
3.0
@timepoint
2253.0
diff
5.0
@timepoint
2257.0
diff
4.0
@timepoint
2261.0
diff
4.0
@timepoint
2263.0
diff
2.0
@timepoint
2268.0
diff
5.0
@timepoint
2273.0
diff
5.0
@timepoint
2276.0
diff
3.0
@timepoint
2281.0
diff
5.0
@timepoint
2286.0
diff
5.0
@timepoint
2292.0
diff
6.0
@timepoint
2295.0
diff
3.0
@timepoint
2298.0
diff
3.0
@timepoint
2304.0
diff
6.0
@timepoint
2311.0
diff
7.0
@timepoint
2317.0
diff
6.0
@timepoint
2319.0
diff
2.0
@timepoint
2324.0
diff
5.0
@timepoint
2328.0
diff
4.0
@timepoint
2332.0
diff
4.0
@timepoint
2336.0
diff
4.0
@timepoint
2340.0
diff
4.0
@timepoint
2343.0
diff
3.0
@timepoint
2349.0
diff
6.0
@timepoint
2355.0
diff
6.0
@timepoint
2358.0
diff
3.0
@timepoint
2362.0
diff
4.0
@timepoint
2364.0
diff
2.0
@timepoint
2368.0
diff
4.0
@timepoint
2373.0
diff
5.0
@timepoint
2375.0
diff
2.0
@timepoint
2381.0
diff
6.0
@timepoint
2384.0
diff
3.0
@timepoint
2390.0
diff
6.0
@timepoint
2396.0
diff
6.0
@timepoint
2399.0
diff
3.0
@timepoint
2404.0
diff
5.0
@timepoint
2408.0
diff
4.0
@timepoint
2409.0
diff
1.0
@timepoint
2415.0
diff
6.0
@timepoint
2419.0
diff
4.0
@timepoint
2420.0
diff
1.0
@timepoint
2427.0
diff
7.0
@timepoint
2433.0
diff
6.0
@timepoint
2439.0
diff
6.0
@timepoint
2440.0
diff
1.0
@timepoint
2445.0
diff
5.0
@timepoint
2450.0
diff
5.0
@timepoint
2453.0
diff
3.0
@timepoint
2458.0
diff
5.0
@timepoint
2462.0
diff
4.0
@timepoint
2464.0
diff
2.0
@timepoint
2470.0
diff
6.0
@timepoint
2472.0
diff
2.0
@timepoint
2475.0
diff
3.0
@timepoint
2480.0
diff
5.0
@timepoint
2485.0
diff
5.0
@timepoint
2486.0
diff
1.0
@timepoint
2490.0
diff
4.0
@timepoint
2492.0
diff
2.0
@timepoint
2497.0
diff
5.0
@timepoint
2501.0
diff
4.0
@timepoint
2502.0
diff
1.0
@timepoint
2510.0
diff
8.0
@timepoint
2516.0
diff
6.0
@timepoint
2520.0
diff
4.0
@timepoint
2525.0
diff
5.0
@timepoint
2529.0
diff
4.0
@timepoint
2532.0
diff
3.0
@timepoint
2534.0
diff
2.0
@timepoint
2538.0
diff
4.0
@timepoint
2543.0
diff
5.0
@timepoint
2546.0
diff
3.0
@timepoint
2549.0
diff
3.0
@timepoint
2554.0
diff
5.0
@timepoint
2558.0
diff
4.0
@timepoint
2561.0
diff
3.0
@timepoint
2566.0
diff
5.0
@timepoint
2570.0
diff
4.0
@timepoint
2574.0
diff
4.0
@timepoint
2578.0
diff
4.0
@timepoint
2584.0
diff
6.0
@timepoint
2589.0
diff
5.0
@timepoint
2596.0
diff
7.0
@timepoint
2597.0
diff
1.0
@timepoint
2601.0
diff
4.0
@timepoint
2602.0
diff
1.0
@timepoint
2602.0
diff
0.0
@timepoint
2608.0
diff
6.0
@timepoint
2614.0
diff
6.0
@timepoint
2619.0
diff
5.0
@timepoint
2625.0
diff
6.0
@timepoint
2630.0
diff
5.0
@timepoint
2635.0
diff
5.0
@timepoint
2641.0
diff
6.0
@timepoint
2646.0
diff
5.0
@timepoint
2652.0
diff
6.0
@timepoint
2657.0
diff
5.0
@timepoint
2661.0
diff
4.0
@timepoint
2666.0
diff
5.0
@timepoint
2672.0
diff
6.0
@timepoint
2677.0
diff
5.0
@timepoint
2681.0
diff
4.0
@timepoint
2686.0
diff
5.0
@timepoint
2691.0
diff
5.0
@timepoint
2697.0
diff
6.0
@timepoint
2702.0
diff
5.0
@timepoint
2708.0
diff
6.0
@timepoint
2714.0
diff
6.0
@timepoint
2720.0
diff
6.0
@timepoint
2725.0
diff
5.0
@timepoint
2730.0
diff
5.0
@timepoint
2735.0
diff
5.0
@timepoint
2741.0
diff
6.0
@timepoint
2746.0
diff
5.0
@timepoint
2751.0
diff
5.0
@timepoint
2757.0
diff
6.0
@timepoint
2762.0
diff
5.0
@timepoint
2768.0
diff
6.0
@timepoint
2774.0
diff
6.0
@timepoint
2779.0
diff
5.0
@timepoint
2784.0
diff
5.0
@timepoint
2790.0
diff
6.0
@timepoint
2796.0
diff
6.0
@timepoint
2802.0
diff
6.0
@timepoint
2807.0
diff
5.0
@timepoint
2812.0
diff
5.0
@timepoint
2817.0
diff
5.0
@timepoint
2822.0
diff
5.0
@timepoint
2827.0
diff
5.0
@timepoint
2833.0
diff
6.0
@timepoint
2838.0
diff
5.0
@timepoint
2843.0
diff
5.0
@timepoint
2850.0
diff
7.0
@timepoint
2858.0
diff
8.0
@timepoint
2866.0
diff
8.0
@timepoint
2873.0
diff
7.0
@timepoint
2880.0
diff
7.0
@timepoint
2881.0
diff
1.0
@timepoint
2886.0
diff
5.0
@timepoint
2890.0
diff
4.0
@timepoint
2894.0
diff
4.0
@timepoint
2894.0
diff
0.0
@timepoint
2898.0
diff
4.0
@timepoint
2902.0
diff
4.0
@timepoint
2905.0
diff
3.0
@timepoint
2910.0
diff
5.0
@timepoint
2914.0
diff
4.0
@timepoint
2917.0
diff
3.0
@timepoint
2919.0
diff
2.0
@timepoint
2923.0
diff
4.0
@timepoint
2928.0
diff
5.0
@timepoint
2929.0
diff
1.0
@timepoint
2935.0
diff
6.0
@timepoint
2937.0
diff
2.0
@timepoint
2942.0
diff
5.0
@timepoint
2946.0
diff
4.0
@timepoint
2949.0
diff
3.0
@timepoint
2955.0
diff
6.0
@timepoint
2958.0
diff
3.0
@timepoint
2960.0
diff
2.0
@timepoint
2966.0
diff
6.0
@timepoint
2971.0
diff
5.0
@timepoint
2973.0
diff
2.0
@timepoint
2975.0
diff
2.0
@timepoint
2980.0
diff
5.0
@timepoint
2983.0
diff
3.0
@timepoint
2989.0
diff
6.0
@timepoint
2993.0
diff
4.0
@timepoint
2994.0
diff
1.0
@timepoint
2997.0
diff
3.0
@timepoint
3001.0
diff
4.0
@timepoint
3005.0
diff
4.0
@timepoint
3010.0
diff
5.0
@timepoint
3016.0
diff
6.0
@timepoint
3017.0
diff
1.0
@timepoint
3023.0
diff
6.0
@timepoint
3025.0
diff
2.0
@timepoint
3031.0
diff
6.0
@timepoint
3032.0
diff
1.0
@timepoint
3038.0
diff
6.0
@timepoint
3039.0
diff
1.0
@timepoint
3045.0
diff
6.0
@timepoint
3050.0
diff
5.0
@timepoint
3054.0
diff
4.0
@timepoint
3058.0
diff
4.0
@timepoint
3061.0
diff
3.0
@timepoint
3066.0
diff
5.0
@timepoint
3070.0
diff
4.0
@timepoint
3074.0
diff
4.0
@timepoint
3078.0
diff
4.0
@timepoint
3082.0
diff
4.0
@timepoint
3084.0
diff
2.0
@timepoint
3089.0
diff
5.0
@timepoint
3090.0
diff
1.0
@timepoint
3095.0
diff
5.0
@timepoint
3100.0
diff
5.0
@timepoint
3102.0
diff
2.0
@timepoint
3107.0
diff
5.0
@timepoint
3111.0
diff
4.0
@timepoint
3115.0
diff
4.0
@timepoint
3119.0
diff
4.0
@timepoint
3120.0
diff
1.0
@timepoint
3126.0
diff
6.0
@timepoint
3128.0
diff
2.0
@timepoint
3132.0
diff
4.0
@timepoint
3138.0
diff
6.0
@timepoint
3144.0
diff
6.0
@timepoint
3148.0
diff
4.0
@timepoint
3151.0
diff
3.0
@timepoint
3154.0
diff
3.0
@timepoint
3159.0
diff
5.0
@timepoint
3160.0
diff
1.0
@timepoint
3165.0
diff
5.0
@timepoint
3169.0
diff
4.0
@timepoint
3171.0
diff
2.0
@timepoint
3176.0
diff
5.0
@timepoint
3181.0
diff
5.0
@timepoint
3183.0
diff
2.0
@timepoint
3188.0
diff
5.0
@timepoint
3193.0
diff
5.0
@timepoint
3197.0
diff
4.0
@timepoint
3198.0
diff
1.0
@timepoint
3204.0
diff
6.0
@timepoint
3208.0
diff
4.0
@timepoint
3210.0
diff
2.0
@timepoint
3212.0
diff
2.0
@timepoint
3218.0
diff
6.0
@timepoint
3221.0
diff
3.0
@timepoint
3224.0
diff
3.0
@timepoint
3229.0
diff
5.0
@timepoint
3233.0
diff
4.0
@timepoint
3236.0
diff
3.0
@timepoint
3242.0
diff
6.0
@timepoint
3243.0
diff
1.0
@timepoint
3248.0
diff
5.0
@timepoint
3254.0
diff
6.0
@timepoint
3257.0
diff
3.0
@timepoint
3261.0
diff
4.0
@timepoint
3265.0
diff
4.0
@timepoint
3271.0
diff
6.0
@timepoint
3272.0
diff
1.0
@timepoint
3274.0
diff
2.0
@timepoint
3276.0
diff
2.0
@timepoint
3281.0
diff
5.0
@timepoint
3286.0
diff
5.0
@timepoint
3288.0
diff
2.0
@timepoint
3294.0
diff
6.0
@timepoint
3295.0
diff
1.0
@timepoint
3302.0
diff
7.0
@timepoint
3308.0
diff
6.0
@timepoint
3311.0
diff
3.0
@timepoint
3312.0
diff
1.0
@timepoint
3312.0
diff
0.0
@timepoint
3314.0
diff
2.0
@timepoint
3321.0
diff
7.0
@timepoint
3329.0
diff
8.0
@timepoint
3337.0
diff
8.0
@timepoint
3343.0
diff
6.0
@timepoint
3350.0
diff
7.0
@timepoint
3355.0
diff
5.0
@timepoint
3362.0
diff
7.0
@timepoint
3369.0
diff
7.0
@timepoint
3376.0
diff
7.0
@timepoint
3386.0
diff
10.0
@timepoint
3395.0
diff
9.0
@timepoint
3403.0
diff
8.0
@timepoint
3413.0
diff
10.0
@timepoint
3422.0
diff
9.0
@timepoint
3432.0
diff
10.0
@timepoint
3440.0
diff
8.0
@timepoint
3447.0
diff
7.0
@timepoint
3452.0
diff
5.0
@timepoint
3458.0
diff
6.0
@timepoint
3465.0
diff
7.0
@timepoint
3473.0
diff
8.0
@timepoint
3478.0
diff
5.0
@timepoint
3479.0
diff
1.0
@timepoint
3490.0
diff
11.0
@timepoint
3498.0
diff
8.0
@timepoint
3507.0
diff
9.0
@timepoint
3509.0
diff
2.0
@timepoint
3511.0
diff
2.0
@timepoint
3519.0
diff
8.0
@timepoint
3525.0
diff
6.0
@timepoint
3531.0
diff
6.0
@timepoint
3538.0
diff
7.0
@timepoint
3546.0
diff
8.0
@timepoint
3549.0
diff
3.0
@timepoint
3558.0
diff
9.0
@timepoint
3560.0
diff
2.0
@timepoint
3564.0
diff
4.0
@timepoint
3572.0
diff
8.0
@timepoint
3578.0
diff
6.0
@timepoint
3585.0
diff
7.0
@timepoint
3590.0
diff
5.0
@timepoint
3596.0
diff
6.0
@timepoint
3601.0
diff
5.0
@timepoint
3603.0
diff
2.0
@timepoint
3609.0
diff
6.0
@timepoint
3614.0
diff
5.0
@timepoint
3619.0
diff
5.0
@timepoint
3621.0
diff
2.0
@timepoint
3626.0
diff
5.0
@timepoint
3632.0
diff
6.0
@timepoint
3633.0
diff
1.0
@timepoint
3641.0
diff
8.0
@timepoint
3647.0
diff
6.0
@timepoint
3654.0
diff
7.0
@timepoint
3661.0
diff
7.0
@timepoint
3669.0
diff
8.0
@timepoint
3674.0
diff
5.0
@timepoint
3679.0
diff
5.0
@timepoint
3684.0
diff
5.0
@timepoint
3687.0
diff
3.0
@timepoint
3687.0
diff
0.0
@timepoint
3693.0
diff
6.0
@timepoint
3697.0
diff
4.0
@timepoint
3703.0
diff
6.0
@timepoint
3709.0
diff
6.0
@timepoint
3714.0
diff
5.0
@timepoint
3716.0
diff
2.0
@timepoint
3721.0
diff
5.0
@timepoint
3726.0
diff
5.0
@timepoint
3731.0
diff
5.0
@timepoint
3737.0
diff
6.0
@timepoint
3742.0
diff
5.0
@timepoint
3747.0
diff
5.0
@timepoint
3752.0
diff
5.0
@timepoint
3758.0
diff
6.0
@timepoint
3764.0
diff
6.0
@timepoint
3770.0
diff
6.0
@timepoint
3776.0
diff
6.0
@timepoint
3782.0
diff
6.0
@timepoint
3787.0
diff
5.0
@timepoint
3792.0
diff
5.0
@timepoint
3796.0
diff
4.0
@timepoint
3801.0
diff
5.0
@timepoint
3805.0
diff
4.0
@timepoint
3812.0
diff
7.0
@timepoint
3817.0
diff
5.0
@timepoint
3822.0
diff
5.0
@timepoint
3827.0
diff
5.0
@timepoint
3832.0
diff
5.0
@timepoint
3837.0
diff
5.0
@timepoint
3843.0
diff
6.0
@timepoint
3849.0
diff
6.0
@timepoint
3854.0
diff
5.0
@timepoint
3858.0
diff
4.0
@timepoint
3863.0
diff
5.0
@timepoint
3869.0
diff
6.0
@timepoint
3873.0
diff
4.0
@timepoint
3879.0
diff
6.0
@timepoint
3884.0
diff
5.0
@timepoint
3889.0
diff
5.0
@timepoint
3895.0
diff
6.0
@timepoint
3899.0
diff
4.0
@timepoint
3904.0
diff
5.0
@timepoint
3909.0
diff
5.0
@timepoint
3913.0
diff
4.0
@timepoint
3917.0
diff
4.0
@timepoint
3921.0
diff
4.0
@timepoint
3926.0
diff
5.0
@timepoint
3931.0
diff
5.0
@timepoint
3936.0
diff
5.0
@timepoint
3940.0
diff
4.0
@timepoint
3945.0
diff
5.0
@timepoint
3951.0
diff
6.0
@timepoint
3952.0
diff
1.0
@timepoint
3954.0
diff
2.0
@timepoint
3986.0
diff
32.0
@timepoint
3987.0
diff
1.0
@timepoint
3988.0
diff
1.0
@timepoint
3991.0
diff
3.0
@timepoint
3993.0
diff
2.0
@timepoint
3999.0
diff
6.0
@timepoint
4004.0
diff
5.0
@timepoint
4010.0
diff
6.0
@timepoint
4015.0
diff
5.0
@timepoint
4020.0
diff
5.0
@timepoint
4026.0
diff
6.0
@timepoint
4030.0
diff
4.0
@timepoint
4035.0
diff
5.0
@timepoint
4039.0
diff
4.0
@timepoint
4043.0
diff
4.0
@timepoint
4049.0
diff
6.0
@timepoint
4054.0
diff
5.0
@timepoint
4058.0
diff
4.0
@timepoint
4063.0
diff
5.0
@timepoint
4068.0
diff
5.0
@timepoint
4073.0
diff
5.0
@timepoint
4078.0
diff
5.0
@timepoint
4083.0
diff
5.0
@timepoint
4088.0
diff
5.0
@timepoint
4093.0
diff
5.0
@timepoint
4098.0
diff
5.0
@timepoint
4103.0
diff
5.0
@timepoint
4108.0
diff
5.0
@timepoint
4113.0
diff
5.0
@timepoint
4118.0
diff
5.0
@timepoint
4124.0
diff
6.0
@timepoint
4129.0
diff
5.0
@timepoint
4134.0
diff
5.0
@timepoint
4139.0
diff
5.0
@timepoint
4142.0
diff
3.0
@timepoint
4147.0
diff
5.0
@timepoint
4152.0
diff
5.0
@timepoint
4158.0
diff
6.0
@timepoint
4163.0
diff
5.0
@timepoint
4167.0
diff
4.0
@timepoint
4170.0
diff
3.0
@timepoint
4172.0
diff
2.0
@timepoint
4175.0
diff
3.0
@timepoint
4181.0
diff
6.0
@timepoint
4184.0
diff
3.0
@timepoint
4189.0
diff
5.0
@timepoint
4194.0
diff
5.0
@timepoint
4200.0
diff
6.0
@timepoint
4204.0
diff
4.0
@timepoint
4209.0
diff
5.0
@timepoint
4214.0
diff
5.0
@timepoint
4215.0
diff
1.0
@timepoint
4220.0
diff
5.0
@timepoint
4223.0
diff
3.0
@timepoint
4228.0
diff
5.0
@timepoint
4233.0
diff
5.0
@timepoint
4238.0
diff
5.0
@timepoint
4242.0
diff
4.0
@timepoint
4243.0
diff
1.0
@timepoint
4249.0
diff
6.0
@timepoint
4254.0
diff
5.0
@timepoint
4260.0
diff
6.0
@timepoint
4261.0
diff
1.0
@timepoint
4266.0
diff
5.0
@timepoint
4271.0
diff
5.0
@timepoint
4276.0
diff
5.0
@timepoint
4280.0
diff
4.0
@timepoint
4285.0
diff
5.0
@timepoint
4290.0
diff
5.0
@timepoint
4296.0
diff
6.0
@timepoint
4301.0
diff
5.0
@timepoint
4306.0
diff
5.0
@timepoint
4312.0
diff
6.0
@timepoint
4317.0
diff
5.0
@timepoint
4322.0
diff
5.0
@timepoint
4327.0
diff
5.0
@timepoint
4332.0
diff
5.0
@timepoint
4337.0
diff
5.0
@timepoint
4341.0
diff
4.0
@timepoint
4345.0
diff
4.0
@timepoint
4350.0
diff
5.0
@timepoint
4354.0
diff
4.0
@timepoint
4355.0
diff
1.0
@timepoint
4360.0
diff
5.0
@timepoint
4366.0
diff
6.0
@timepoint
4371.0
diff
5.0
@timepoint
4376.0
diff
5.0
@timepoint
4381.0
diff
5.0
@timepoint
4387.0
diff
6.0
@timepoint
4393.0
diff
6.0
@timepoint
4397.0
diff
4.0
@timepoint
4401.0
diff
4.0
@timepoint
4407.0
diff
6.0
@timepoint
4412.0
diff
5.0
@timepoint
4416.0
diff
4.0
@timepoint
4420.0
diff
4.0
@timepoint
4425.0
diff
5.0
@timepoint
4427.0
diff
2.0
@timepoint
4434.0
diff
7.0
@timepoint
4439.0
diff
5.0
@timepoint
4445.0
diff
6.0
@timepoint
4449.0
diff
4.0
@timepoint
4452.0
diff
3.0
@timepoint
4458.0
diff
6.0
@timepoint
4462.0
diff
4.0
@timepoint
4468.0
diff
6.0
@timepoint
4469.0
diff
1.0
@timepoint
4473.0
diff
4.0
@timepoint
4478.0
diff
5.0
@timepoint
4482.0
diff
4.0
@timepoint
4487.0
diff
5.0
@timepoint
4493.0
diff
6.0
@timepoint
4497.0
diff
4.0
@timepoint
4499.0
diff
2.0
@timepoint
4501.0
diff
2.0
@timepoint
4506.0
diff
5.0
@timepoint
4507.0
diff
1.0
@timepoint
4535.0
diff
28.0
@timepoint
4536.0
diff
1.0
@timepoint
4541.0
diff
5.0
@timepoint
4545.0
diff
4.0
@timepoint
4550.0
diff
5.0
@timepoint
4555.0
diff
5.0
@timepoint
4560.0
diff
5.0
@timepoint
4564.0
diff
4.0
@timepoint
4568.0
diff
4.0
@timepoint
4573.0
diff
5.0
@timepoint
4577.0
diff
4.0
@timepoint
4582.0
diff
5.0
@timepoint
4583.0
diff
1.0
@timepoint
4589.0
diff
6.0
@timepoint
4593.0
diff
4.0
@timepoint
4598.0
diff
5.0
@timepoint
4599.0
diff
1.0
@timepoint
4605.0
diff
6.0
@timepoint
4607.0
diff
2.0
@timepoint
4613.0
diff
6.0
@timepoint
4617.0
diff
4.0
@timepoint
4622.0
diff
5.0
@timepoint
4628.0
diff
6.0
@timepoint
4632.0
diff
4.0
@timepoint
4637.0
diff
5.0
@timepoint
4642.0
diff
5.0
@timepoint
4647.0
diff
5.0
@timepoint
4652.0
diff
5.0
@timepoint
4655.0
diff
3.0
@timepoint
4660.0
diff
5.0
@timepoint
4665.0
diff
5.0
@timepoint
4670.0
diff
5.0
@timepoint
4675.0
diff
5.0
@timepoint
4676.0
diff
1.0
